This file contains any messages produced by compilers while
running configure, to aid debugging if configure makes a mistake.

It was created by Jupiter configure 1.0, which was
generated by GNU Autoconf 2.69.  Invocation command line was

  $ ./configure --enable-silent-rules

## --------- ##
## Platform. ##
## --------- ##

hostname = ubuntu
uname -m = i686
uname -r = 3.5.0-17-generic
uname -s = Linux
uname -v = #28-Ubuntu SMP Tue Oct 9 19:32:08 UTC 2012

/usr/bin/uname -p = unknown
/bin/uname -X     = unknown

/bin/arch              = unknown
/usr/bin/arch -k       = unknown
/usr/convex/getsysinfo = unknown
/usr/bin/hostinfo      = unknown
/bin/machine           = unknown
/usr/bin/oslevel       = unknown
/bin/universe          = unknown

PATH: /usr/lib/lightdm/lightdm
PATH: /usr/local/sbin
PATH: /usr/local/bin
PATH: /usr/sbin
PATH: /usr/bin
PATH: /sbin
PATH: /bin
PATH: /usr/games
PATH: /usr/local/games


## ----------- ##
## Core tests. ##
## ----------- ##

configure:2115: checking for a BSD-compatible install
configure:2183: result: /usr/bin/install -c
configure:2194: checking whether build environment is sane
configure:2244: result: yes
configure:2385: checking for a thread-safe mkdir -p
configure:2424: result: /bin/mkdir -p
configure:2437: checking for gawk
configure:2467: result: no
configure:2437: checking for mawk
configure:2453: found /usr/bin/mawk
configure:2464: result: mawk
configure:2475: checking whether make sets $(MAKE)
configure:2497: result: yes
configure:2630: checking for gcc
configure:2646: found /usr/bin/gcc
configure:2657: result: gcc
configure:2886: checking for C compiler version
configure:2895: gcc --version >&5
gcc (Ubuntu/Linaro 4.7.2-2ubuntu1) 4.7.2
Copyright (C) 2012 Free Software Foundation, Inc.
This is free software; see the source for copying conditions.  There is NO
warranty; not even for MERCHANTABILITY or FITNESS FOR A PARTICULAR PURPOSE.

configure:2906: $? = 0
configure:2895: gcc -v >&5
Using built-in specs.
COLLECT_GCC=gcc
COLLECT_LTO_WRAPPER=/usr/lib/gcc/i686-linux-gnu/4.7/lto-wrapper
Target: i686-linux-gnu
Configured with: ../src/configure -v --with-pkgversion='Ubuntu/Linaro 4.7.2-2ubuntu1' --with-bugurl=file:///usr/share/doc/gcc-4.7/README.Bugs --enable-languages=c,c++,go,fortran,objc,obj-c++ --prefix=/usr --program-suffix=-4.7 --enable-shared --enable-linker-build-id --with-system-zlib --libexecdir=/usr/lib --without-included-gettext --enable-threads=posix --with-gxx-include-dir=/usr/include/c++/4.7 --libdir=/usr/lib --enable-nls --with-sysroot=/ --enable-clocale=gnu --enable-libstdcxx-debug --enable-libstdcxx-time=yes --enable-gnu-unique-object --enable-plugin --enable-objc-gc --enable-targets=all --disable-werror --with-arch-32=i686 --with-tune=generic --enable-checking=release --build=i686-linux-gnu --host=i686-linux-gnu --target=i686-linux-gnu
Thread model: posix
gcc version 4.7.2 (Ubuntu/Linaro 4.7.2-2ubuntu1) 
configure:2906: $? = 0
configure:2895: gcc -V >&5
gcc: error: unrecognized command line option '-V'
gcc: fatal error: no input files
compilation terminated.
configure:2906: $? = 4
configure:2895: gcc -qversion >&5
gcc: error: unrecognized command line option '-qversion'
gcc: fatal error: no input files
compilation terminated.
configure:2906: $? = 4
configure:2926: checking whether the C compiler works
configure:2948: gcc    conftest.c  >&5
configure:2952: $? = 0
configure:3000: result: yes
configure:3003: checking for C compiler default output file name
configure:3005: result: a.out
configure:3011: checking for suffix of executables
configure:3018: gcc -o conftest    conftest.c  >&5
configure:3022: $? = 0
configure:3044: result: 
configure:3066: checking whether we are cross compiling
configure:3074: gcc -o conftest    conftest.c  >&5
configure:3078: $? = 0
configure:3085: ./conftest
configure:3089: $? = 0
configure:3104: result: no
configure:3109: checking for suffix of object files
configure:3131: gcc -c   conftest.c >&5
configure:3135: $? = 0
configure:3156: result: o
configure:3160: checking whether we are using the GNU C compiler
configure:3179: gcc -c   conftest.c >&5
configure:3179: $? = 0
configure:3188: result: yes
configure:3197: checking whether gcc accepts -g
configure:3217: gcc -c -g  conftest.c >&5
configure:3217: $? = 0
configure:3258: result: yes
configure:3275: checking for gcc option to accept ISO C89
configure:3338: gcc  -c -g -O2  conftest.c >&5
configure:3338: $? = 0
configure:3351: result: none needed
configure:3382: checking for style of include used by make
configure:3410: result: GNU
configure:3436: checking dependency style of gcc
configure:3547: result: gcc3
configure:3606: checking for ranlib
configure:3622: found /usr/bin/ranlib
configure:3633: result: ranlib
configure:3656: checking whether gcc and cc understand -c and -o together
configure:3687: gcc -c conftest.c -o conftest2.o >&5
configure:3691: $? = 0
configure:3697: gcc -c conftest.c -o conftest2.o >&5
configure:3701: $? = 0
configure:3712: cc -c conftest.c >&5
configure:3716: $? = 0
configure:3724: cc -c conftest.c -o conftest2.o >&5
configure:3728: $? = 0
configure:3734: cc -c conftest.c -o conftest2.o >&5
configure:3738: $? = 0
configure:3756: result: yes
configure:3769: checking for library containing pthread_create
configure:3800: gcc -o conftest -g -O2   conftest.c  >&5
/tmp/ccsO6eV9.o: In function `main':
/home/ubuntu/code/autotools/book/autotools/jupiter/conftest.c:22: undefined reference to `pthread_create'
collect2: error: ld returned 1 exit status
configure:3800: $? = 1
configure: failed program was:
| /* confdefs.h */
| #define PACKAGE_NAME "Jupiter"
| #define PACKAGE_TARNAME "jupiter"
| #define PACKAGE_VERSION "1.0"
| #define PACKAGE_STRING "Jupiter 1.0"
| #define PACKAGE_BUGREPORT "jupiter-bugs@example.org"
| #define PACKAGE_URL ""
| #define PACKAGE "jupiter"
| #define VERSION "1.0"
| /* end confdefs.h.  */
| 
| /* Override any GCC internal prototype to avoid an error.
|    Use char because int might match the return type of a GCC
|    builtin and then its argument prototype would still apply.  */
| #ifdef __cplusplus
| extern "C"
| #endif
| char pthread_create ();
| int
| main ()
| {
| return pthread_create ();
|   ;
|   return 0;
| }
configure:3800: gcc -o conftest -g -O2   conftest.c -lpthread   >&5
configure:3800: $? = 0
configure:3817: result: -lpthread
configure:3832: checking how to run the C preprocessor
configure:3863: gcc -E  conftest.c
configure:3863: $? = 0
configure:3877: gcc -E  conftest.c
conftest.c:11:28: fatal error: ac_nonexistent.h: No such file or directory
compilation terminated.
configure:3877: $? = 1
configure: failed program was:
| /* confdefs.h */
| #define PACKAGE_NAME "Jupiter"
| #define PACKAGE_TARNAME "jupiter"
| #define PACKAGE_VERSION "1.0"
| #define PACKAGE_STRING "Jupiter 1.0"
| #define PACKAGE_BUGREPORT "jupiter-bugs@example.org"
| #define PACKAGE_URL ""
| #define PACKAGE "jupiter"
| #define VERSION "1.0"
| /* end confdefs.h.  */
| #include <ac_nonexistent.h>
configure:3902: result: gcc -E
configure:3922: gcc -E  conftest.c
configure:3922: $? = 0
configure:3936: gcc -E  conftest.c
conftest.c:11:28: fatal error: ac_nonexistent.h: No such file or directory
compilation terminated.
configure:3936: $? = 1
configure: failed program was:
| /* confdefs.h */
| #define PACKAGE_NAME "Jupiter"
| #define PACKAGE_TARNAME "jupiter"
| #define PACKAGE_VERSION "1.0"
| #define PACKAGE_STRING "Jupiter 1.0"
| #define PACKAGE_BUGREPORT "jupiter-bugs@example.org"
| #define PACKAGE_URL ""
| #define PACKAGE "jupiter"
| #define VERSION "1.0"
| /* end confdefs.h.  */
| #include <ac_nonexistent.h>
configure:3965: checking for grep that handles long lines and -e
configure:4023: result: /bin/grep
configure:4028: checking for egrep
configure:4090: result: /bin/grep -E
configure:4095: checking for ANSI C header files
configure:4115: gcc -c -g -O2  conftest.c >&5
configure:4115: $? = 0
configure:4188: gcc -o conftest -g -O2   conftest.c -lpthread  >&5
configure:4188: $? = 0
configure:4188: ./conftest
configure:4188: $? = 0
configure:4199: result: yes
configure:4212: checking for sys/types.h
configure:4212: gcc -c -g -O2  conftest.c >&5
configure:4212: $? = 0
configure:4212: result: yes
configure:4212: checking for sys/stat.h
configure:4212: gcc -c -g -O2  conftest.c >&5
configure:4212: $? = 0
configure:4212: result: yes
configure:4212: checking for stdlib.h
configure:4212: gcc -c -g -O2  conftest.c >&5
configure:4212: $? = 0
configure:4212: result: yes
configure:4212: checking for string.h
configure:4212: gcc -c -g -O2  conftest.c >&5
configure:4212: $? = 0
configure:4212: result: yes
configure:4212: checking for memory.h
configure:4212: gcc -c -g -O2  conftest.c >&5
configure:4212: $? = 0
configure:4212: result: yes
configure:4212: checking for strings.h
configure:4212: gcc -c -g -O2  conftest.c >&5
configure:4212: $? = 0
configure:4212: result: yes
configure:4212: checking for inttypes.h
configure:4212: gcc -c -g -O2  conftest.c >&5
configure:4212: $? = 0
configure:4212: result: yes
configure:4212: checking for stdint.h
configure:4212: gcc -c -g -O2  conftest.c >&5
configure:4212: $? = 0
configure:4212: result: yes
configure:4212: checking for unistd.h
configure:4212: gcc -c -g -O2  conftest.c >&5
configure:4212: $? = 0
configure:4212: result: yes
configure:4227: checking for stdlib.h
configure:4227: result: yes
configure:4227: checking pthread.h usability
configure:4227: gcc -c -g -O2  conftest.c >&5
configure:4227: $? = 0
configure:4227: result: yes
configure:4227: checking pthread.h presence
configure:4227: gcc -E  conftest.c
configure:4227: $? = 0
configure:4227: result: yes
configure:4227: checking for pthread.h
configure:4227: result: yes
configure:4249: checking for library containing pthread_create
configure:4297: result: -lpthread
configure:4309: checking for pthread.h
configure:4309: result: yes
configure:4480: creating ./config.status

## ---------------------- ##
## Running config.status. ##
## ---------------------- ##

This file was extended by Jupiter config.status 1.0, which was
generated by GNU Autoconf 2.69.  Invocation command line was

  CONFIG_FILES    = 
  CONFIG_HEADERS  = 
  CONFIG_LINKS    = 
  CONFIG_COMMANDS = 
  $ ./config.status 

on ubuntu

config.status:855: creating Makefile
config.status:855: creating common/Makefile
config.status:855: creating src/Makefile
config.status:855: creating config.h
config.status:1084: executing depfiles commands
configure:5796: WARNING: unrecognized options: --enable-silent-rules

## ---------------- ##
## Cache variables. ##
## ---------------- ##

ac_cv_c_compiler_gnu=yes
ac_cv_env_CC_set=
ac_cv_env_CC_value=
ac_cv_env_CFLAGS_set=
ac_cv_env_CFLAGS_value=
ac_cv_env_CPPFLAGS_set=
ac_cv_env_CPPFLAGS_value=
ac_cv_env_CPP_set=
ac_cv_env_CPP_value=
ac_cv_env_LDFLAGS_set=
ac_cv_env_LDFLAGS_value=
ac_cv_env_LIBS_set=
ac_cv_env_LIBS_value=
ac_cv_env_build_alias_set=
ac_cv_env_build_alias_value=
ac_cv_env_host_alias_set=
ac_cv_env_host_alias_value=
ac_cv_env_target_alias_set=
ac_cv_env_target_alias_value=
ac_cv_header_inttypes_h=yes
ac_cv_header_memory_h=yes
ac_cv_header_pthread_h=yes
ac_cv_header_stdc=yes
ac_cv_header_stdint_h=yes
ac_cv_header_stdlib_h=yes
ac_cv_header_string_h=yes
ac_cv_header_strings_h=yes
ac_cv_header_sys_stat_h=yes
ac_cv_header_sys_types_h=yes
ac_cv_header_unistd_h=yes
ac_cv_objext=o
ac_cv_path_EGREP='/bin/grep -E'
ac_cv_path_GREP=/bin/grep
ac_cv_path_install='/usr/bin/install -c'
ac_cv_path_mkdir=/bin/mkdir
ac_cv_prog_AWK=mawk
ac_cv_prog_CPP='gcc -E'
ac_cv_prog_ac_ct_CC=gcc
ac_cv_prog_ac_ct_RANLIB=ranlib
ac_cv_prog_cc_c89=
ac_cv_prog_cc_g=yes
ac_cv_prog_cc_gcc_c_o=yes
ac_cv_prog_make_make_set=yes
ac_cv_search_pthread_create=-lpthread
am_cv_CC_dependencies_compiler_type=gcc3

## ----------------- ##
## Output variables. ##
## ----------------- ##

ACLOCAL='${SHELL} /home/ubuntu/code/autotools/book/autotools/jupiter/missing --run aclocal-1.11'
AMDEPBACKSLASH='\'
AMDEP_FALSE='#'
AMDEP_TRUE=''
AMTAR='$${TAR-tar}'
AUTOCONF='${SHELL} /home/ubuntu/code/autotools/book/autotools/jupiter/missing --run autoconf'
AUTOHEADER='${SHELL} /home/ubuntu/code/autotools/book/autotools/jupiter/missing --run autoheader'
AUTOMAKE='${SHELL} /home/ubuntu/code/autotools/book/autotools/jupiter/missing --run automake-1.11'
AWK='mawk'
CC='gcc'
CCDEPMODE='depmode=gcc3'
CFLAGS='-g -O2'
CPP='gcc -E'
CPPFLAGS=''
CYGPATH_W='echo'
DEFS='-DHAVE_CONFIG_H'
DEPDIR='.deps'
ECHO_C=''
ECHO_N='-n'
ECHO_T=''
EGREP='/bin/grep -E'
EXEEXT=''
GREP='/bin/grep'
INSTALL_DATA='${INSTALL} -m 644'
INSTALL_PROGRAM='${INSTALL}'
INSTALL_SCRIPT='${INSTALL}'
INSTALL_STRIP_PROGRAM='$(install_sh) -c -s'
LDFLAGS=''
LIBOBJS=''
LIBS='-lpthread -lpthread '
LTLIBOBJS=''
MAKEINFO='${SHELL} /home/ubuntu/code/autotools/book/autotools/jupiter/missing --run makeinfo'
MKDIR_P='/bin/mkdir -p'
OBJEXT='o'
PACKAGE='jupiter'
PACKAGE_BUGREPORT='jupiter-bugs@example.org'
PACKAGE_NAME='Jupiter'
PACKAGE_STRING='Jupiter 1.0'
PACKAGE_TARNAME='jupiter'
PACKAGE_URL=''
PACKAGE_VERSION='1.0'
PATH_SEPARATOR=':'
RANLIB='ranlib'
SET_MAKE=''
SHELL='/bin/bash'
STRIP=''
VERSION='1.0'
ac_ct_CC='gcc'
am__EXEEXT_FALSE=''
am__EXEEXT_TRUE='#'
am__fastdepCC_FALSE='#'
am__fastdepCC_TRUE=''
am__include='include'
am__isrc=''
am__leading_dot='.'
am__nodep='_no'
am__quote=''
am__tar='$${TAR-tar} chof - "$$tardir"'
am__untar='$${TAR-tar} xf -'
bindir='${exec_prefix}/bin'
build_alias=''
datadir='${datarootdir}'
datarootdir='${prefix}/share'
docdir='${datarootdir}/doc/${PACKAGE_TARNAME}'
dvidir='${docdir}'
exec_prefix='${prefix}'
host_alias=''
htmldir='${docdir}'
includedir='${prefix}/include'
infodir='${datarootdir}/info'
install_sh='${SHELL} /home/ubuntu/code/autotools/book/autotools/jupiter/install-sh'
libdir='${exec_prefix}/lib'
libexecdir='${exec_prefix}/libexec'
localedir='${datarootdir}/locale'
localstatedir='${prefix}/var'
mandir='${datarootdir}/man'
mkdir_p='/bin/mkdir -p'
oldincludedir='/usr/include'
pdfdir='${docdir}'
prefix='/usr/local'
program_transform_name='s,x,x,'
psdir='${docdir}'
sbindir='${exec_prefix}/sbin'
sharedstatedir='${prefix}/com'
sysconfdir='${prefix}/etc'
target_alias=''

## ----------- ##
## confdefs.h. ##
## ----------- ##

/* confdefs.h */
#define PACKAGE_NAME "Jupiter"
#define PACKAGE_TARNAME "jupiter"
#define PACKAGE_VERSION "1.0"
#define PACKAGE_STRING "Jupiter 1.0"
#define PACKAGE_BUGREPORT "jupiter-bugs@example.org"
#define PACKAGE_URL ""
#define PACKAGE "jupiter"
#define VERSION "1.0"
#define STDC_HEADERS 1
#define HAVE_SYS_TYPES_H 1
#define HAVE_SYS_STAT_H 1
#define HAVE_STDLIB_H 1
#define HAVE_STRING_H 1
#define HAVE_MEMORY_H 1
#define HAVE_STRINGS_H 1
#define HAVE_INTTYPES_H 1
#define HAVE_STDINT_H 1
#define HAVE_UNISTD_H 1
#define HAVE_STDLIB_H 1
#define HAVE_PTHREAD_H 1
#define HAVE_PTHREAD_H 1
#define ASYNC_EXEC 1

configure: exit 0
